<?xml version="1.0" encoding="UTF-8"?>
<!-- Generated by org.testng.reporters.JUnitXMLReporter -->
<testsuite ignored="0" hostname="DESKTOP-BE1TI0T" failures="0" tests="4" name="Default test" time="22.66" errors="0" timestamp="2024-06-19T20:41:12 IST">
  <testcase classname="webTest.AdminPageTest" name="verifyAdmin" time="3.351"/>
  <testcase classname="webTest.AdminPageTest" name="VerifySearchWithUsername" time="3.899"/>
  <testcase classname="webTest.AdminPageTest" name="VerifySerchWithUserRole" time="3.025"/>
  <testcase classname="webTest.AdminPageTest" name="VerifySerchWithUserStatus" time="2.705"/>
</testsuite> <!-- Default test -->
