<?xml version="1.0" encoding="UTF-8"?>
<testng-results ignored="0" total="4" passed="4" failed="0" skipped="0">
  <reporter-output>
  </reporter-output>
  <suite started-at="2024-06-19T20:40:49 IST" name="Default suite" finished-at="2024-06-19T20:41:12 IST" duration-ms="22660">
    <groups>
    </groups>
    <test started-at="2024-06-19T20:40:49 IST" name="Default test" finished-at="2024-06-19T20:41:12 IST" duration-ms="22660">
      <class name="webTest.AdminPageTest">
        <test-method is-config="true" signature="setUp()[pri:0, instance:webTest.AdminPageTest@6379eb]" started-at="2024-06-19T20:40:49 IST" name="setUp" finished-at="2024-06-19T20:40:58 IST" duration-ms="8288" status="PASS">
          <reporter-output>
          </reporter-output>
        </test-method> <!-- setUp -->
        <test-method is-config="true" signature="pageSetup()[pri:0, instance:webTest.AdminPageTest@6379eb]" started-at="2024-06-19T20:40:58 IST" name="pageSetup" finished-at="2024-06-19T20:40:59 IST" duration-ms="1229" status="PASS">
          <reporter-output>
          </reporter-output>
        </test-method> <!-- pageSetup -->
        <test-method signature="verifyAdmin()[pri:1, instance:webTest.AdminPageTest@6379eb]" started-at="2024-06-19T20:40:59 IST" name="verifyAdmin" finished-at="2024-06-19T20:41:02 IST" duration-ms="3351" status="PASS">
          <reporter-output>
          </reporter-output>
        </test-method> <!-- verifyAdmin -->
        <test-method signature="VerifySearchWithUsername()[pri:2, instance:webTest.AdminPageTest@6379eb]" started-at="2024-06-19T20:41:02 IST" name="VerifySearchWithUsername" finished-at="2024-06-19T20:41:06 IST" duration-ms="3899" status="PASS">
          <reporter-output>
          </reporter-output>
        </test-method> <!-- VerifySearchWithUsername -->
        <test-method signature="VerifySerchWithUserRole()[pri:3, instance:webTest.AdminPageTest@6379eb]" started-at="2024-06-19T20:41:06 IST" name="VerifySerchWithUserRole" finished-at="2024-06-19T20:41:09 IST" duration-ms="3025" status="PASS">
          <reporter-output>
          </reporter-output>
        </test-method> <!-- VerifySerchWithUserRole -->
        <test-method signature="VerifySerchWithUserStatus()[pri:4, instance:webTest.AdminPageTest@6379eb]" started-at="2024-06-19T20:41:09 IST" name="VerifySerchWithUserStatus" finished-at="2024-06-19T20:41:12 IST" duration-ms="2705" status="PASS">
          <reporter-output>
          </reporter-output>
        </test-method> <!-- VerifySerchWithUserStatus -->
      </class> <!-- webTest.AdminPageTest -->
    </test> <!-- Default test -->
  </suite> <!-- Default suite -->
</testng-results>
